[    0.000000] Initializing cgroup subsys cpuset
[    0.000000] Initializing cgroup subsys cpu
[    0.000000] Initializing cgroup subsys cpuacct
[    0.000000] Linux version 4.4.0-177-generic (buildd@lgw01-amd64-035) (gcc version 5.4.0 20160609 (Ubuntu 5.4.0-6ubuntu1~16.04.12) ) #207-Ubuntu SMP Mon Mar 16 01:16:10 UTC 2020 (Ubuntu 4.4.0-177.207-generic 4.4.214)
[    0.000000] Command line: BOOT_IMAGE=/boot/vmlinuz-4.4.0-177-generic root=LABEL=cloudimg-rootfs ro console=tty1 console=ttyS0
[    0.000000] KERNEL supported cpus:
[    0.000000]   Intel GenuineIntel
[    0.000000]   AMD AuthenticAMD
[    0.000000]   Centaur CentaurHauls
[    0.000000] x86/fpu: xstate_offset[2]:  576, xstate_sizes[2]:  256
[    0.000000] x86/fpu: Supporting XSAVE feature 0x01: 'x87 floating point registers'
[    0.000000] x86/fpu: Supporting XSAVE feature 0x02: 'SSE registers'
[    0.000000] x86/fpu: Supporting XSAVE feature 0x04: 'AVX registers'
[    0.000000] x86/fpu: Enabled xstate features 0x7, context size is 832 bytes, using 'standard' format.
[    0.000000] e820: BIOS-provided physical RAM map:
[    0.000000] BIOS-e820: [mem 0x0000000000000000-0x000000000009fbff] usable
[    0.000000] BIOS-e820: [mem 0x000000000009fc00-0x000000000009ffff] reserved
[    0.000000] BIOS-e820: [mem 0x00000000000f0000-0x00000000000fffff] reserved
[    0.000000] BIOS-e820: [mem 0x0000000000100000-0x000000003ffeffff] usable
[    0.000000] BIOS-e820: [mem 0x000000003fff0000-0x000000003fffffff] ACPI data
[    0.000000] BIOS-e820: [mem 0x00000000fec00000-0x00000000fec00fff] reserved
[    0.000000] BIOS-e820: [mem 0x00000000fee00000-0x00000000fee00fff] reserved
[    0.000000] BIOS-e820: [mem 0x00000000fffc0000-0x00000000ffffffff] reserved
[    0.000000] NX (Execute Disable) protection: active
[    0.000000] SMBIOS 2.5 present.
[    0.000000] Hypervisor detected: KVM
[    0.000000] e820: last_pfn = 0x3fff0 max_arch_pfn = 0x400000000
[    0.000000] MTRR: Disabled
[    0.000000] x86/PAT: MTRRs disabled, skipping PAT initialization too.
[    0.000000] CPU MTRRs all blank - virtualized system.
[    0.000000] x86/PAT: Configuration [0-7]: WB  WT  UC- UC  WB  WT  UC- UC  
[    0.000000] found SMP MP-table at [mem 0x0009fff0-0x0009ffff] mapped at [ffff88000009fff0]
[    0.000000] Scanning 1 areas for low memory corruption
[    0.000000] RAMDISK: [mem 0x362e4000-0x37169fff]
[    0.000000] ACPI: Early table checksum verification disabled
[    0.000000] ACPI: RSDP 0x00000000000E0000 000024 (v02 VBOX  )
[    0.000000] ACPI: XSDT 0x000000003FFF0030 00003C (v01 VBOX   VBOXXSDT 00000001 ASL  00000061)
[    0.000000] ACPI: FACP 0x000000003FFF00F0 0000F4 (v04 VBOX   VBOXFACP 00000001 ASL  00000061)
[    0.000000] ACPI: DSDT 0x000000003FFF0470 002325 (v02 VBOX   VBOXBIOS 00000002 INTL 20180105)
[    0.000000] ACPI: FACS 0x000000003FFF0200 000040
[    0.000000] ACPI: FACS 0x000000003FFF0200 000040
[    0.000000] ACPI: APIC 0x000000003FFF0240 00005C (v02 VBOX   VBOXAPIC 00000001 ASL  00000061)
[    0.000000] ACPI: SSDT 0x000000003FFF02A0 0001CC (v01 VBOX   VBOXCPUT 00000002 INTL 20180105)
[    0.000000] No NUMA configuration found
[    0.000000] Faking a node at [mem 0x0000000000000000-0x000000003ffeffff]
[    0.000000] NODE_DATA(0) allocated [mem 0x3ffeb000-0x3ffeffff]
[    0.000000] kvm-clock: Using msrs 4b564d01 and 4b564d00
[    0.000000] kvm-clock: cpu 0, msr 0:3ffe3001, primary cpu clock
[    0.000000] kvm-clock: using sched offset of 2994559031 cycles
[    0.000000] clocksource: kvm-clock: mask: 0xffffffffffffffff max_cycles: 0x1cd42e4dffb, max_idle_ns: 881590591483 ns
[    0.000000] Zone ranges:
[    0.000000]   DMA      [mem 0x0000000000001000-0x0000000000ffffff]
[    0.000000]   DMA32    [mem 0x0000000001000000-0x000000003ffeffff]
[    0.000000]   Normal   empty
[    0.000000]   Device   empty
[    0.000000] Movable zone start for each node
[    0.000000] Early memory node ranges
[    0.000000]   node   0: [mem 0x0000000000001000-0x000000000009efff]
[    0.000000]   node   0: [mem 0x0000000000100000-0x000000003ffeffff]
[    0.000000] Initmem setup node 0 [mem 0x0000000000001000-0x000000003ffeffff]
[    0.000000] ACPI: PM-Timer IO Port: 0x4008
[    0.000000] IOAPIC[0]: apic_id 2, version 32, address 0xfec00000, GSI 0-23
[    0.000000] ACPI: INT_SRC_OVR (bus 0 bus_irq 0 global_irq 2 dfl dfl)
[    0.000000] ACPI: INT_SRC_OVR (bus 0 bus_irq 9 global_irq 9 low level)
[    0.000000] Using ACPI (MADT) for SMP configuration information
[    0.000000] smpboot: Allowing 2 CPUs, 0 hotplug CPUs
[    0.000000] PM: Registered nosave memory: [mem 0x00000000-0x00000fff]
[    0.000000] PM: Registered nosave memory: [mem 0x0009f000-0x0009ffff]
[    0.000000] PM: Registered nosave memory: [mem 0x000a0000-0x000effff]
[    0.000000] PM: Registered nosave memory: [mem 0x000f0000-0x000fffff]
[    0.000000] e820: [mem 0x40000000-0xfebfffff] available for PCI devices
[    0.000000] Booting paravirtualized kernel on KVM
[    0.000000] clocksource: refined-jiffies: mask: 0xffffffff max_cycles: 0xffffffff, max_idle_ns: 7645519600211568 ns
[    0.000000] setup_percpu: NR_CPUS:512 nr_cpumask_bits:512 nr_cpu_ids:2 nr_node_ids:1
[    0.000000] PERCPU: Embedded 33 pages/cpu @ffff88003fc00000 s95448 r8192 d31528 u1048576
[    0.000000] Built 1 zonelists in Node order, mobility grouping on.  Total pages: 257912
[    0.000000] Policy zone: DMA32
[    0.000000] Kernel command line: BOOT_IMAGE=/boot/vmlinuz-4.4.0-177-generic root=LABEL=cloudimg-rootfs ro console=tty1 console=ttyS0
[    0.000000] PID hash table entries: 4096 (order: 3, 32768 bytes)
[    0.000000] Memory: 997680K/1048120K available (8626K kernel code, 1336K rwdata, 4036K rodata, 1488K init, 1292K bss, 50440K reserved, 0K cma-reserved)
[    0.000000] SLUB: HWalign=64, Order=0-3, MinObjects=0, CPUs=2, Nodes=1
[    0.000000] Kernel/User page tables isolation: enabled
[    0.000000] Hierarchical RCU implementation.
[    0.000000] 	Build-time adjustment of leaf fanout to 64.
[    0.000000] 	RCU restricting CPUs from NR_CPUS=512 to nr_cpu_ids=2.
[    0.000000] RCU: Adjusting geometry for rcu_fanout_leaf=64, nr_cpu_ids=2
[    0.000000] NR_IRQS:33024 nr_irqs:440 16
[    0.000000] Console: colour VGA+ 80x25
[    0.000000] console [tty1] enabled
[    0.000000] console [ttyS0] enabled
[    0.000000] tsc: Detected 3499.994 MHz processor
[    0.091925] Calibrating delay loop (skipped) preset value.. 6999.98 BogoMIPS (lpj=13999976)
[    0.093123] pid_max: default: 32768 minimum: 301
[    0.093760] ACPI: Core revision 20150930
[    0.095144] ACPI: 2 ACPI AML tables successfully acquired and loaded
[    0.096118] Security Framework initialized
[    0.096705] Yama: becoming mindful.
[    0.097252] AppArmor: AppArmor initialized
[    0.097895] Dentry cache hash table entries: 131072 (order: 8, 1048576 bytes)
[    0.099361] Inode-cache hash table entries: 65536 (order: 7, 524288 bytes)
[    0.101135] Mount-cache hash table entries: 2048 (order: 2, 16384 bytes)
[    0.102589] Mountpoint-cache hash table entries: 2048 (order: 2, 16384 bytes)
[    0.103547] Initializing cgroup subsys io
[    0.104136] Initializing cgroup subsys memory
[    0.104740] Initializing cgroup subsys devices
[    0.105374] Initializing cgroup subsys freezer
[    0.105990] Initializing cgroup subsys net_cls
[    0.106621] Initializing cgroup subsys perf_event
[    0.107267] Initializing cgroup subsys net_prio
[    0.107909] Initializing cgroup subsys hugetlb
[    0.108551] Initializing cgroup subsys pids
[    0.109933] mce: CPU supports 0 MCE banks
[    0.110522] Last level iTLB entries: 4KB 1024, 2MB 1024, 4MB 1024
[    0.111321] Last level dTLB entries: 4KB 1024, 2MB 1024, 4MB 1024, 1GB 4
[    0.112144] Spectre V1 : Mitigation: usercopy/swapgs barriers and __user pointer sanitization
[    0.113289] Spectre V2 : Mitigation: Full generic retpoline
[    0.114012] Spectre V2 : Spectre v2 / SpectreRSB mitigation: Filling RSB on context switch
[    0.115122] Speculative Store Bypass: Vulnerable
[    0.115836] MDS: Mitigation: Clear CPU buffers
[    0.118427] Freeing SMP alternatives memory: 36K
[    0.123377] ftrace: allocating 32304 entries in 127 pages
[    0.166375] smpboot: APIC(0) Converting physical 0 to logical package 0
[    0.167265] smpboot: Max logical packages: 1
[    0.168049] x2apic enabled
[    0.168658] Switched APIC routing to physical x2apic.
[    0.170133] ..TIMER: vector=0x30 apic1=0 pin1=2 apic2=-1 pin2=-1
[    0.278974] smpboot: CPU0: Intel(R) Core(TM) i7-4770K CPU @ 3.50GHz (family: 0x6, model: 0x3c, stepping: 0x3)
[    0.280483] Performance Events: unsupported p6 CPU model 60 no PMU driver, software events only.
[    0.291503] KVM setup paravirtual spinlock
[    0.292742] x86: Booting SMP configuration:
[    0.293383] .... node  #0, CPUs:      #1
[    0.294178] kvm-clock: cpu 1, msr 0:3ffe3041, secondary cpu clock
[    0.295544] mce: CPU supports 0 MCE banks
[    0.297905] x86: Booted up 1 node, 2 CPUs
[    0.298624] smpboot: Total of 2 processors activated (13999.97 BogoMIPS)
[    0.299826] devtmpfs: initialized
[    0.301354] evm: security.selinux
[    0.301873] evm: security.SMACK64
[    0.302377] evm: security.SMACK64EXEC
[    0.302952] evm: security.SMACK64TRANSMUTE
[    0.303547] evm: security.SMACK64MMAP
[    0.304066] evm: security.ima
[    0.304533] evm: security.capability
[    0.305250] clocksource: jiffies: mask: 0xffffffff max_cycles: 0xffffffff, max_idle_ns: 7645041785100000 ns
[    0.306753] futex hash table entries: 512 (order: 3, 32768 bytes)
[    0.307704] pinctrl core: initialized pinctrl subsystem
[    0.308632] RTC time: 12:40:14, date: 04/27/20
[    0.309439] NET: Registered protocol family 16
[    0.318558] cpuidle: using governor ladder
[    0.332704] cpuidle: using governor menu
[    0.333600] PCCT header not found.
[    0.334599] ACPI: bus type PCI registered
[    0.335610] acpiphp: ACPI Hot Plug PCI Controller Driver version: 0.5
[    0.337129] PCI: Using configuration type 1 for base access
[    0.351747] ACPI: Added _OSI(Module Device)
[    0.352990] ACPI: Added _OSI(Processor Device)
[    0.354181] ACPI: Added _OSI(3.0 _SCP Extensions)
[    0.356506] ACPI: Added _OSI(Processor Aggregator Device)
[    0.359587] ACPI: Executed 1 blocks of module-level executable AML code
[    0.363194] ACPI: Interpreter enabled
[    0.363838] ACPI: (supports S0 S5)
[    0.364433] ACPI: Using IOAPIC for interrupt routing
[    0.365353] PCI: Using host bridge windows from ACPI; if necessary, use "pci=nocrs" and report a bug
[    0.369248] ACPI: PCI Root Bridge [PCI0] (domain 0000 [bus 00-ff])
[    0.370193] acpi PNP0A03:00: _OSC: OS supports [ASPM ClockPM Segments MSI]
[    0.371448] acpi PNP0A03:00: _OSC: not requesting OS control; OS requires [ExtendedConfig ASPM ClockPM MSI]
[    0.372951] acpi PNP0A03:00: fail to add MMCONFIG information, can't access extended PCI configuration space under this bridge.
[    0.374885] PCI host bridge to bus 0000:00
[    0.375568] pci_bus 0000:00: root bus resource [io  0x0000-0x0cf7 window]
[    0.376574] pci_bus 0000:00: root bus resource [io  0x0d00-0xffff window]
[    0.377578] pci_bus 0000:00: root bus resource [mem 0x000a0000-0x000bffff window]
[    0.378820] pci_bus 0000:00: root bus resource [mem 0x40000000-0xfdffffff window]
[    0.380047] pci_bus 0000:00: root bus resource [bus 00-ff]
[    0.381994] pci 0000:00:01.1: legacy IDE quirk: reg 0x10: [io  0x01f0-0x01f7]
[    0.383062] pci 0000:00:01.1: legacy IDE quirk: reg 0x14: [io  0x03f6]
[    0.384031] pci 0000:00:01.1: legacy IDE quirk: reg 0x18: [io  0x0170-0x0177]
[    0.385074] pci 0000:00:01.1: legacy IDE quirk: reg 0x1c: [io  0x0376]
[    0.401691] pci 0000:00:07.0: quirk: [io  0x4000-0x403f] claimed by PIIX4 ACPI
[    0.403598] pci 0000:00:07.0: quirk: [io  0x4100-0x410f] claimed by PIIX4 SMB
[    0.409546] ACPI: PCI Interrupt Link [LNKA] (IRQs 5 9 10 *11)
[    0.411055] ACPI: PCI Interrupt Link [LNKB] (IRQs 5 9 *10 11)
[    0.412404] ACPI: PCI Interrupt Link [LNKC] (IRQs 5 *9 10 11)
[    0.413751] ACPI: PCI Interrupt Link [LNKD] (IRQs 5 9 10 *11)
[    0.415082] ACPI: Enabled 2 GPEs in block 00 to 07
[    0.416154] vgaarb: setting as boot device: PCI:0000:00:02.0
[    0.417028] vgaarb: device added: PCI:0000:00:02.0,decodes=io+mem,owns=io+mem,locks=none
[    0.418332] vgaarb: loaded
[    0.418843] vgaarb: bridge control possible 0000:00:02.0
[    0.419857] SCSI subsystem initialized
[    0.420621] ACPI: bus type USB registered
[    0.421309] usbcore: registered new interface driver usbfs
[    0.422168] usbcore: registered new interface driver hub
[    0.423012] usbcore: registered new device driver usb
[    0.424002] PCI: Using ACPI for IRQ routing
[    0.425324] NetLabel: Initializing
[    0.425930] NetLabel:  domain hash size = 128
[    0.426665] NetLabel:  protocols = UNLABELED CIPSOv4
[    0.427458] NetLabel:  unlabeled traffic allowed by default
[    0.428453] amd_nb: Cannot enumerate AMD northbridges
[    0.429296] clocksource: Switched to clocksource kvm-clock
[    0.434955] AppArmor: AppArmor Filesystem Enabled
[    0.435795] pnp: PnP ACPI init
[    0.436889] pnp: PnP ACPI: found 3 devices
[    0.445261] clocksource: acpi_pm: mask: 0xffffff max_cycles: 0xffffff, max_idle_ns: 2085701024 ns
[    0.446733] NET: Registered protocol family 2
[    0.447575] TCP established hash table entries: 8192 (order: 4, 65536 bytes)
[    0.448634] TCP bind hash table entries: 8192 (order: 5, 131072 bytes)
[    0.449631] TCP: Hash tables configured (established 8192 bind 8192)
[    0.450602] UDP hash table entries: 512 (order: 2, 16384 bytes)
[    0.451503] UDP-Lite hash table entries: 512 (order: 2, 16384 bytes)
[    0.452479] NET: Registered protocol family 1
[    0.453205] pci 0000:00:00.0: Limiting direct PCI/PCI transfers
[    0.454149] pci 0000:00:01.0: Activating ISA DMA hang workarounds
[    0.455168] Unpacking initramfs...
[    0.609539] Freeing initrd memory: 14872K
[    0.610326] RAPL PMU detected, API unit is 2^-32 Joules, 4 fixed counters 10737418240 ms ovfl timer
[    0.611709] hw unit of domain pp0-core 2^-0 Joules
[    0.612366] hw unit of domain package 2^-0 Joules
[    0.613022] hw unit of domain dram 2^-0 Joules
[    0.613677] hw unit of domain pp1-gpu 2^-0 Joules
[    0.614386] clocksource: tsc: mask: 0xffffffffffffffff max_cycles: 0x32734b4358f, max_idle_ns: 440795367814 ns
[    0.615742] platform rtc_cmos: registered platform RTC device (no PNP device found)
[    0.616878] Scanning for low memory corruption every 60 seconds
[    0.617973] audit: initializing netlink subsys (disabled)
[    0.618722] audit: type=2000 audit(1587991218.712:1): initialized
[    0.619773] Initialise system trusted keyring
[    0.620557] HugeTLB registered 2 MB page size, pre-allocated 0 pages
[    0.623133] zbud: loaded
[    0.623883] VFS: Disk quotas dquot_6.6.0
[    0.624483] VFS: Dquot-cache hash table entries: 512 (order 0, 4096 bytes)
[    0.625505] squashfs: version 4.0 (2009/01/31) Phillip Lougher
[    0.626477] fuse init (API version 7.23)
[    0.627736] Key type big_key registered
[    0.629026] Allocating IMA MOK and blacklist keyrings.
[    0.631047] Key type asymmetric registered
[    0.631636] Asymmetric key parser 'x509' registered
[    0.632408] Block layer SCSI generic (bsg) driver version 0.4 loaded (major 249)
[    0.633527] io scheduler noop registered
[    0.634086] io scheduler deadline registered (default)
[    0.634796] io scheduler cfq registered
[    0.635433] pci_hotplug: PCI Hot Plug PCI Core version: 0.5
[    0.636205] pciehp: PCI Express Hot Plug Controller Driver version: 0.4
[    0.637162] ACPI: AC Adapter [AC] (on-line)
[    0.637849] input: Power Button as /devices/LNXSYSTM:00/LNXPWRBN:00/input/input0
[    0.638941] ACPI: Power Button [PWRF]
[    0.639521] input: Sleep Button as /devices/LNXSYSTM:00/LNXSLPBN:00/input/input1
[    0.640615] ACPI: Sleep Button [SLPF]
[    0.641308] GHES: HEST is not enabled!
[    0.642000] Serial: 8250/16550 driver, 32 ports, IRQ sharing enabled
[    0.663108] 00:02: ttyS0 at I/O 0x3f8 (irq = 4, base_baud = 115200) is a 16550A
[    0.665008] Linux agpgart interface v0.103
[    0.666789] loop: module loaded
[    0.667706] scsi host0: ata_piix
[    0.668306] scsi host1: ata_piix
[    0.668818] ata1: PATA max UDMA/33 cmd 0x1f0 ctl 0x3f6 bmdma 0xd000 irq 14
[    0.669702] ata2: PATA max UDMA/33 cmd 0x170 ctl 0x376 bmdma 0xd008 irq 15
[    0.670617] libphy: Fixed MDIO Bus: probed
[    0.671215] tun: Universal TUN/TAP device driver, 1.6
[    0.671918] tun: (C) 1999-2004 Max Krasnyansky <maxk@qualcomm.com>
[    0.672782] PPP generic driver version 2.4.2
[    0.673541] ehci_hcd: USB 2.0 'Enhanced' Host Controller (EHCI) Driver
[    0.674356] ehci-pci: EHCI PCI platform driver
[    0.674982] ehci-platform: EHCI generic platform driver
[    0.675694] ohci_hcd: USB 1.1 'Open' Host Controller (OHCI) Driver
[    0.676524] ohci-pci: OHCI PCI platform driver
[    0.677143] ohci-platform: OHCI generic platform driver
[    0.677995] uhci_hcd: USB Universal Host Controller Interface driver
[    0.678872] i8042: PNP: PS/2 Controller [PNP0303:PS2K,PNP0f03:PS2M] at 0x60,0x64 irq 1,12
[    0.680362] serio: i8042 KBD port at 0x60,0x64 irq 1
[    0.681048] serio: i8042 AUX port at 0x60,0x64 irq 12
[    0.681839] mousedev: PS/2 mouse device common for all mice
[    0.682886] rtc_cmos rtc_cmos: rtc core: registered rtc_cmos as rtc0
[    0.683779] rtc_cmos rtc_cmos: alarms up to one day, 114 bytes nvram
[    0.684628] input: AT Translated Set 2 keyboard as /devices/platform/i8042/serio0/input/input2
[    0.685361] i2c /dev entries driver
[    0.685436] device-mapper: uevent: version 1.0.3
[    0.685889] device-mapper: ioctl: 4.34.0-ioctl (2015-10-28) initialised: dm-devel@redhat.com
[    0.685910] ledtrig-cpu: registered to indicate activity on CPUs
[    0.686216] NET: Registered protocol family 10
[    0.686397] NET: Registered protocol family 17
[    0.686409] Key type dns_resolver registered
[    0.686668] registered taskstats version 1
[    0.686681] Loading compiled-in X.509 certificates
[    0.687407] Loaded X.509 cert 'Build time autogenerated kernel key: a048edf52b07f04005c7780de0f875c713550332'
[    0.687426] zswap: loaded using pool lzo/zbud
[    0.688984] Key type trusted registered
[    0.691676] Key type encrypted registered
[    0.691681] AppArmor: AppArmor sha1 policy hashing enabled
[    0.691683] ima: No TPM chip found, activating TPM-bypass!
[    0.691687] ima: Allocated hash algorithm: sha1
[    0.691708] evm: HMAC attrs: 0x1
[    0.691939]   Magic number: 0:422:684
[    0.691962] mem full: hash matches
[    0.692344] rtc_cmos rtc_cmos: setting system clock to 2020-04-27 12:40:14 UTC (1587991214)
[    0.692420] BIOS EDD facility v0.16 2004-Jun-25, 0 devices found
[    0.692421] EDD information not available.
[    0.929049] Freeing unused kernel memory: 1488K
[    0.929753] Write protecting the kernel read-only data: 14336k
[    0.930848] Freeing unused kernel memory: 1604K
[    0.931556] Freeing unused kernel memory: 60K
Loading, please wait...
starting version 229
[    0.941378] random: systemd-udevd: uninitialized urandom read (16 bytes read, 1 bits of entropy available)
[    0.941833] random: udevadm: uninitialized urandom read (16 bytes read, 1 bits of entropy available)
[    0.941848] random: udevadm: uninitialized urandom read (16 bytes read, 1 bits of entropy available)
[    0.945660] random: systemd-udevd: uninitialized urandom read (16 bytes read, 1 bits of entropy available)
[    0.947240] random: systemd-udevd: uninitialized urandom read (16 bytes read, 1 bits of entropy available)
[    0.947800] random: udevadm: uninitialized urandom read (16 bytes read, 1 bits of entropy available)
[    0.947834] random: udevadm: uninitialized urandom read (16 bytes read, 1 bits of entropy available)
[    0.947938] random: udevadm: uninitialized urandom read (16 bytes read, 1 bits of entropy available)
[    0.947976] random: udevadm: uninitialized urandom read (16 bytes read, 1 bits of entropy available)
[    0.948016] random: udevadm: uninitialized urandom read (16 bytes read, 1 bits of entropy available)
[    0.981859] Fusion MPT base driver 3.04.20
[    0.982674] Copyright (c) 1999-2008 LSI Corporation
[    0.983541] e1000: Intel(R) PRO/1000 Network Driver - version 7.3.21-k8-NAPI
[    0.984418] e1000: Copyright (c) 1999-2006 Intel Corporation.
[    0.987107] Fusion MPT SPI Host driver 3.04.20
[    1.003303] AVX2 version of gcm_enc/dec engaged.
[    1.004047] AES CTR mode by8 optimization enabled
[    1.191648] input: ImExPS/2 Generic Explorer Mouse as /devices/platform/i8042/serio1/input/input4
[    1.319249] e1000 0000:00:03.0 eth0: (PCI:33MHz:32-bit) 02:f4:cb:fd:67:72
[    1.320177] e1000 0000:00:03.0 eth0: Intel(R) PRO/1000 Network Connection
[    1.321754] mptbase: ioc0: Initiating bringup
[    1.322194] e1000 0000:00:03.0 enp0s3: renamed from eth0
[    1.385471] ioc0: LSI53C1030 A0: Capabilities={Initiator}
[    1.551607] scsi host2: ioc0: LSI53C1030 A0, FwRev=00000000h, Ports=1, MaxQ=256, IRQ=20
[    1.667224] scsi 2:0:0:0: Direct-Access     VBOX     HARDDISK         1.0  PQ: 0 ANSI: 5
[    1.672296] scsi target2:0:0: Beginning Domain Validation
[    1.674796] scsi target2:0:0: Domain Validation skipping write tests
[    1.675785] scsi target2:0:0: Ending Domain Validation
[    1.676699] scsi target2:0:0: asynchronous
[    1.686380] scsi 2:0:1:0: Direct-Access     VBOX     HARDDISK         1.0  PQ: 0 ANSI: 5
[    1.687526] scsi target2:0:1: Beginning Domain Validation
[    1.688808] scsi target2:0:1: Domain Validation skipping write tests
[    1.689675] scsi target2:0:1: Ending Domain Validation
[    1.690381] scsi target2:0:1: asynchronous
[    1.694229] sd 2:0:0:0: Attached scsi generic sg0 type 0
[    1.695077] sd 2:0:0:0: [sda] 20971520 512-byte logical blocks: (10.7 GB/10.0 GiB)
[    1.696378] sd 2:0:1:0: Attached scsi generic sg1 type 0
[    1.697077] sd 2:0:1:0: [sdb] 20480 512-byte logical blocks: (10.5 MB/10.0 MiB)
[    1.698215] sd 2:0:0:0: [sda] Write Protect is off
[    1.698244] sd 2:0:1:0: [sdb] Write Protect is off
[    1.698309] sd 2:0:1:0: [sdb] Incomplete mode parameter data
[    1.698310] sd 2:0:1:0: [sdb] Assuming drive cache: write through
[    1.701235] sd 2:0:0:0: [sda] Incomplete mode parameter data
[    1.701976] sd 2:0:0:0: [sda] Assuming drive cache: write through
[    1.704593]  sda: sda1
[    1.705183] sd 2:0:1:0: [sdb] Attached SCSI disk
[    1.706433] sd 2:0:0:0: [sda] Attached SCSI disk
Begin: Loading essential drivers ... [    2.947737] md: linear personality registered for level -1
[    2.950478] md: multipath personality registered for level -4
[    2.953005] md: raid0 personality registered for level 0
[    2.957014] md: raid1 personality registered for level 1
[    3.034535] raid6: sse2x1   gen() 13125 MB/s
[    3.113301] raid6: sse2x1   xor() 11268 MB/s
[    3.189278] raid6: sse2x2   gen() 17246 MB/s
[    3.257478] raid6: sse2x2   xor() 10186 MB/s
[    3.337038] raid6: sse2x4   gen() 20834 MB/s
[    3.413416] raid6: sse2x4   xor() 14072 MB/s
[    3.481330] raid6: avx2x1   gen() 23449 MB/s
[    3.550227] raid6: avx2x2   gen() 26600 MB/s
[    3.617407] raid6: avx2x4   gen() 31508 MB/s
[    3.618040] raid6: using algorithm avx2x4 gen() 31508 MB/s
[    3.618762] raid6: using avx2x2 recovery algorithm
[    3.620578] xor: automatically using best checksumming function:
[    3.661314]    avx       : 32300.000 MB/sec
[    3.662915] async_tx: api initialized (async)
[    3.671274] md: raid6 personality registered for level 6
[    3.672011] md: raid5 personality registered for level 5
[    3.672716] md: raid4 personality registered for level 4
[    3.678778] md: raid10 personality registered for level 10
done.
Begin: Running /scripts/init-premount ... done.
Begin: Mounting root file system ... Begin: Running /scripts/local-top ... done.
Begin: Running /scripts/local-premount ... [    3.704119] Btrfs loaded
Scanning for Btrfs filesystems
done.
Warning: fsck not present, so skipping root file system
[    3.730595] EXT4-fs (sda1): mounted filesystem with ordered data mode. Opts: (null)
done.
Begin: Running /scripts/local-bottom ... done.
Begin: Running /scripts/init-bottom ... done.
[    3.809270] systemd[1]: systemd 229 running in system mode. (+PAM +AUDIT +SELINUX +IMA +APPARMOR +SMACK +SYSVINIT +UTMP +LIBCRYPTSETUP +GCRYPT +GNUTLS +ACL +XZ -LZ4 +SECCOMP +BLKID +ELFUTILS +KMOD -IDN)
[    3.813078] systemd[1]: Detected virtualization oracle.
[    3.814112] systemd[1]: Detected architecture x86-64.

Welcome to [1mUbuntu 16.04.6 LTS[0m!

[    3.816594] systemd[1]: Set hostname to <ubuntu-xenial>.
[    3.922838] systemd[1]: Listening on /dev/initctl Compatibility Named Pipe.
[[0;32m  OK  [0m] Listening on /dev/initctl Compatibility Named Pipe.
[    3.927527] systemd[1]: Listening on Syslog Socket.
[[0;32m  OK  [0m] Listening on Syslog Socket.
[    3.929265] systemd[1]: Listening on LVM2 metadata daemon socket.
[[0;32m  OK  [0m] Listening on LVM2 metadata daemon socket.
[    3.931109] systemd[1]: Listening on Device-mapper event daemon FIFOs.
[[0;32m  OK  [0m] Listening on Device-mapper event daemon FIFOs.
[    3.932881] systemd[1]: Reached target Swap.
[[0;32m  OK  [0m] Reached target Swap.
[    3.934078] systemd[1]: Listening on LVM2 poll daemon socket.
[[0;32m  OK  [0m] Listening on LVM2 poll daemon socket.
[    3.935707] systemd[1]: Created slice User and Session Slice.
[[0;32m  OK  [0m] Created slice User and Session Slice.
[    3.937177] systemd[1]: Started Trigger resolvconf update for networkd DNS.
[[0;32m  OK  [0m] Started Trigger resolvconf update for networkd DNS.
[    3.938976] systemd[1]: Reached target User and Group Name Lookups.
[[0;32m  OK  [0m] Reached target User and Group Name Lookups.
[    3.940643] systemd[1]: Created slice System Slice.
[[0;32m  OK  [0m] Created slice System Slice.
[    3.941794] systemd[1]: Reached target Slices.
[[0;32m  OK  [0m] Reached target Slices.
[    3.943118] systemd[1]: Created slice system-serial\x2dgetty.slice.
[[0;32m  OK  [0m] Created slice system-serial\x2dgetty.slice.
[    3.944520] systemd[1]: Reached target Encrypted Volumes.
[[0;32m  OK  [0m] Reached target Encrypted Volumes.
[    3.946088] systemd[1]: Listening on Journal Socket (/dev/log).
[[0;32m  OK  [0m] Listening on Journal Socket (/dev/log).
[    3.947335] systemd[1]: Reached target System Time Synchronized.
[[0;32m  OK  [0m] Reached target System Time Synchronized.
[    3.948624] systemd[1]: Listening on udev Kernel Socket.
[[0;32m  OK  [0m] Listening on udev Kernel Socket.
[    3.949849] systemd[1]: Listening on Journal Audit Socket.
[[0;32m  OK  [0m] Listening on Journal Audit Socket.
[    3.951024] systemd[1]: Started Forward Password Requests to Wall Directory Watch.
[[0;32m  OK  [0m] Started Forward Password Requests to Wall Directory Watch.
[    3.952750] systemd[1]: Listening on udev Control Socket.
[[0;32m  OK  [0m] Listening on udev Control Socket.
[    3.954119] systemd[1]: Set up automount Arbitrary Executable File Formats File System Automount Point.
[[0;32m  OK  [0m] Set up automount Arbitrary Executab...ats File System Automount Point.
[    3.956042] systemd[1]: Listening on Journal Socket.
[[0;32m  OK  [0m] Listening on Journal Socket.
[    3.969441] systemd[1]: Starting Load Kernel Modules...
         Starting Load Kernel Modules...
[    3.971446] systemd[1]: Starting Set console keymap...
         Starting Set console keymap...
[    3.974039] systemd[1]: Starting Journal Service...
         Starting Journal Service...
[    3.977214] Loading iSCSI transport class v2.0-870.
[    3.977483] systemd[1]: Starting Uncomplicated firewall...
         Starting Uncomplicated firewall...
[    3.980520] systemd[1]: Starting Nameserver information manager...
         Starting Nameserver information manager...
[    3.982713] systemd[1]: Mounting Debug File System...
         Mounting Debug File System...
[    3.984886] systemd[1]: Starting Monitoring of LVM2 mirrors, snapshots etc. using dmeventd or progress polling...
         Starting Monitoring of LVM2 mirrors... dmeventd or progress polling...
[    3.987897] systemd[1]: Starting Create list of required static device nodes for the current kernel...
         Starting Create list of required st... nodes for the current kernel...
[    3.992859] systemd[1]: Mounting Huge Pages File System...
         Mounting Huge Pages File System...
[    3.995871] systemd[1]: Starting Remount Root and Kernel File Systems...
         Starting Remount Root and Kernel File Systems...
[    3.998440] systemd[1]: Mounting POSIX Message Queue File System...
         Mounting POSIX Message Queue File System...
[    4.001402] EXT4-fs (sda1): re-mounted. Opts: (null)
[    4.002915] systemd[1]: Mounted Debug File System.
[[0;32m  OK  [0m] Mounted Debug File System.
[    4.004672] systemd[1]: Mounted POSIX Message Queue File System.
[[0;32m  OK  [0m] Mounted POSIX Message Queue File System.
[    4.006427] systemd[1]: Mounted Huge Pages File System.
[[0;32m  OK  [0m] Mounted Huge Pages File System.
[    4.008269] systemd[1]: Started Uncomplicated firewall.
[[0;32m  OK  [0m] Started Uncomplicated firewall.
[    4.018359] iscsi: registered transport (tcp)
[    4.030027] systemd[1]: Started Create list of required static device nodes for the current kernel.
[[0;32m  OK  [0m] Started Create list of required sta...ce nodes for the current kernel.
[    4.032550] systemd[1]: Started Remount Root and Kernel File Systems.
[[0;32m  OK  [0m] Started Remount Root and Kernel File Systems.
[    4.034456] systemd[1]: Started Journal Service.
[[0;32m  OK  [0m] Started Journal Service.
[[0;32m  OK  [0m] Started Set console keymap.
[[0;32m  OK  [0m] Started LVM2 metadata daemon.
         Starting Flush Journal to Persistent Storage...
         Starting Load/Save Random Seed...
         Starting udev Coldplug all Devices...
         Starting Create Static Device Nodes in /dev...
[[0;32m  OK  [0m] Started Nameserver information manager.
[[0;32m  OK  [0m] Started Load/Save Random Seed.
[    4.052717] systemd-journald[367]: Received request to flush runtime journal from PID 1
[[0;32m  OK  [0m] Started Flush Journal to Persistent Storage.
[    4.067607] iscsi: registered transport (iser)
[[0;32m  OK  [0m] Started Load Kernel Modules.
[[0;32m  OK  [0m] Started Create Static Device Nodes in /dev.
         Starting udev Kernel Device Manager...
         Starting Apply Kernel Variables...
         Mounting FUSE Control File System...
[[0;32m  OK  [0m] Mounted FUSE Control File System.
[[0;32m  OK  [0m] Started Apply Kernel Variables.
[[0;32m  OK  [0m] Started udev Coldplug all Devices.
[[0;32m  OK  [0m] Started udev Kernel Device Manager.
[[0;32m  OK  [0m] Started Dispatch Password Requests to Console Directory Watch.
[[0;32m  OK  [0m] Found device /dev/ttyS0.
[[0;32m  OK  [0m] Listening on Load/Save RF Kill Switch Status /dev/rfkill Watch.
[[0;32m  OK  [0m] Found device 82540EM Gigabit Ethern...r (PRO/1000 MT Desktop Adapter).
[[0;32m  OK  [0m] Started Monitoring of LVM2 mirrors,...ng dmeventd or progress polling.
[[0;32m  OK  [0m] Reached target Local File Systems (Pre).
[[0;32m  OK  [0m] Reached target Local File Systems.
         Starting Set console font and keymap...
         Starting Tell Plymouth To Write Out Runtime Data...
         Starting Initial cloud-init job (pre-networking)...
         Starting LSB: AppArmor initialization...
         Starting Create Volatile Files and Directories...
[[0;32m  OK  [0m] Started Tell Plymouth To Write Out Runtime Data.
[[0;32m  OK  [0m] Started Create Volatile Files and Directories.
         Starting Update UTMP about System Boot/Shutdown...
[[0;32m  OK  [0m] Started Update UTMP about System Boot/Shutdown.
[[0;32m  OK  [0m] Started LSB: AppArmor initialization.
[[0;32m  OK  [0m] Started Set console font and keymap.
[[0;32m  OK  [0m] Created slice system-getty.slice.
[    5.000300] cloud-init[618]: Cloud-init v. 19.4-33-gbb4131a2-0ubuntu1~16.04.1 running 'init-local' at Mon, 27 Apr 2020 12:40:18 +0000. Up 4.81 seconds.
[[0;32m  OK  [0m] Started Initial cloud-init job (pre-networking).
[[0;32m  OK  [0m] Reached target Network (Pre).
[[0;32m  OK  [0m] Started ifup for enp0s3.
         Starting Raise network interfaces...
[[0;32m  OK  [0m] Started Raise network interfaces.
         Starting Initial cloud-init job (metadata service crawler)...
[[0;32m  OK  [0m] Reached target Network.
[    5.533066] cloud-init[978]: Cloud-init v. 19.4-33-gbb4131a2-0ubuntu1~16.04.1 running 'init' at Mon, 27 Apr 2020 12:40:19 +0000. Up 5.35 seconds.
[    5.552242] cloud-init[978]: ci-info: ++++++++++++++++++++++++++++++++++++++Net device info++++++++++++++++++++++++++++++++++++++
[    5.553749] cloud-init[978]: ci-info: +--------+------+----------------------------+---------------+--------+-------------------+
[    5.555127] cloud-init[978]: ci-info: | Device |  Up  |          Address           |      Mask     | Scope  |     Hw-Address    |
[    5.572134] [[0;32m  OK  [0m] Started Initial cloud-init job (metadata service crawler).
[[0;32m  OK  [0m] Reached target System Initialization.
[[0;32m  OK  [0m] Listening on D-Bus System Message Bus Socket.
cloud-init[[0;32m  OK  [0m] Started Message of the Day.
         Starting Socket activation for snappy daemon.
[978]: ci-info: +--------+------+----------------------------+---------------+--------+-------------------+
[[0;32m  OK  [0m] Started ACPI Events Check.
[[0;32m  OK  [0m] Reached target Paths.
[    5.575828] [[0;32m  OK  [0m] Started Daily Cleanup of Temporary Directories.
cloud-init[978]: ci-info: | enp0s3 | True |         10.0.2.15          | 255.255.255.0 | global | 02:f4:cb:fd:67:72 |         Starting LXD - unix socket.
[[0;32m  OK  [0m] Listening on ACPID Listen Socket.
[[0;32m  OK  [0m] Listening on UUID daemon activation socket.
[[0;32m  OK  [0m] Started Daily apt download activities.
[[0;32m  OK  [0m] Started Daily apt upgrade and clean activities.
[[0;32m  OK  [0m] Reached target Timers.
[[0;32m  OK  [0m] Reached target Cloud-config availability.
[[0;32m  OK  [0m] Reached target Network is Online.

[    5.588239] cloud-init[978]: ci-info: | enp0s3 | True | fe80::f4:cbff:fefd:6772/64 |       .       |  link  | 02:f4:cb:fd:67:72 |
[    5.596123]          Starting iSCSI initiator daemon (iscsid)...
[[0;32m  OK  [0m] Listening on Socket activation for snappy daemon.
[[0;32m  OK  [0m] Listening on LXD - unix socket.
[[0;32m  OK  [0m] Reached target Sockets.
[[0;32m  OK  [0m] Reached target Basic System.
cloud-init[978]: ci-info: |   lo   | True |         127.0.0.1          |   255.0.0.0   |  host  |         .         |         Starting Virtualbox guest utils...

[    5.599392] cloud-init[978]: ci-info: |   lo   | True |          ::1/128           |       .       |  host  |         .         |
[    5.601821] cloud-init[978]: ci-info: +--------+------+----------------------------+---------------+--------+-------------------+
[    5.603356] cloud-init[978]: ci-info: +++++++++++++++++++++++++++Route IPv4 info++++++++++++++++++++++++++++
[    5.606020] [[0;32m  OK  [0m] Started Regular background program processing daemon.
cloud-init         Starting LXD - container startup/shutdown...
[978]: ci-info: +-------+-------------+----------+---------------+-----------+-------+         Starting Login Service...

         Starting System Logging Service...
[    5.611229] cloud-init[978]: ci-info: | Route | Destination | Gateway  |    Genmask    | Interface | Flags |
         Starting OpenBSD Secure Shell server...
[[0;32m  OK  [0m] Started ACPI event daemon.
         Starting LSB: MD monitoring daemon...
[[0;32m  OK  [0m] Started D-Bus System Message Bus.
[    5.613129] cloud-init[978]: ci-info: +-------+-------------+----------+---------------+-----------+-------+
[    5.626573] cloud-init[978]: ci-info: |   0   |   0.0.0.0   | 10.0.2.2 |    0.0.0.0    |   enp0s3  |   UG  |
[    5.628247] cloud-init[978]: ci-info: |   1   |   10.0.2.0  | 0.0.0.0  | 255.255.255.0 |   enp0s3  |   U   |
[    5.629769] cloud-init[978]: ci-info: +-------+-------------+----------+---------------+-----------+-------+
[    5.631405] cloud-init[978]: ci-info: +++++++++++++++++++Route IPv6 info+++++++++++++++++++
[    5.632735] cloud-init[978]: ci-info: +-------+-------------+---------+-----------+-------+
[    5.634066] cloud-init[978]: ci-info: | Route | Destination | Gateway | Interface | Flags |
[    5.635402] cloud-init[978]: ci-info: +-------+-------------+---------+-----------+-------+
[    5.636900] cloud-init[978]: ci-info: |   0   |  fe80::/64  |    ::   |   enp0s3  |   U   |
[    5.644302] cloud-init[978]: ci-info: |   3   |   ff00::/8  |    ::   |   enp0s3  |   U   |
[    5.646775] cloud-init[978]: ci-info: +-------+-------------+---------+-----------+-------+
[[0;32m  OK  [0m] Started FUSE filesystem for LXC.
         Starting Accounts Service...
         Starting /etc/rc.local Compatibility...
         Starting LSB: Record successful boot for GRUB...
[[0;32m  OK  [0m] Started Deferred execution scheduler.
         Starting Snappy daemon...
[[0;32m  OK  [0m] Started System Logging Service.
[[0;32m  OK  [0m] Started /etc/rc.local Compatibility.
[[0;32m  OK  [0m] Started Login Service.
[[0;32m  OK  [0m] Started Unattended Upgrades Shutdown.
[[0;32m  OK  [0m] Started OpenBSD Secure Shell server.
[[0;32m  OK  [0m] Started LSB: MD monitoring daemon.
[[0;32m  OK  [0m] Started iSCSI initiator daemon (iscsid).
         Starting Login to default iSCSI targets...
[[0;32m  OK  [0m] Started Login to default iSCSI targets.
[[0;32m  OK  [0m] Reached target Remote File Systems (Pre).
[[0;32m  OK  [0m] Reached target Remote File Systems.
         Starting LSB: daemon to balance interrupts for SMP systems...
         Starting LSB: automatic crash report generation...
         Starting LSB: Set the CPU Frequency Scaling governor to "ondemand"...
         Starting Permit User Sessions...
[[0;32m  OK  [0m] Started Permit User Sessions.
         Starting Terminate Plymouth Boot Screen...
         Starting Hold until boot process finishes up...
[[0;32m  OK  [0m] Started LSB: Record successful boot for GRUB.
[[0;32m  OK  [0m] Started Hold until boot process finishes up.
[[0;32m  OK  [0m] Started Serial Getty on ttyS0.
[[0;32m  OK  [0m] Started Getty on tty1.
[[0;32m  OK  [0m] Reached target Login Prompts.
         Starting Set console scheme...
[[0;32m  OK  [0m] Started Set console scheme.
[[0;32m  OK  [0m] Started Terminate Plymouth Boot Screen.
[[0;32m  OK  [0m] Started LSB: Set the CPU Frequency Scaling governor to "ondemand".
         Starting Authenticate and Authorize Users to Run Privileged Tasks...
[[0;32m  OK  [0m] Started LXD - container startup/shutdown.
[[0;32m  OK  [0m] Started LSB: daemon to balance interrupts for SMP systems.
[[0;32m  OK  [0m] Started LSB: automatic crash report generation.
[[0;32m  OK  [0m] Started Authenticate and Authorize Users to Run Privileged Tasks.
[[0;32m  OK  [0m] Started Accounts Service.
[[0;32m  OK  [0m] Started Virtualbox guest utils.
[[0;32m  OK  [0m] Started Snappy daemon.
         Starting Wait until snapd is fully seeded...
[[0;32m  OK  [0m] Started Wait until snapd is fully seeded.
         Starting Apply the settings specified in cloud-config...
[[0;32m  OK  [0m] Reached target Multi-User System.
[[0;32m  OK  [0m] Reached target Graphical Interface.
         Starting Update UTMP about System Runlevel Changes...
[[0;32m  OK  [0m] Started Update UTMP about System Runlevel Changes.
[    6.184232] cloud-init[1247]: Cloud-init v. 19.4-33-gbb4131a2-0ubuntu1~16.04.1 running 'modules:config' at Mon, 27 Apr 2020 12:40:20 +0000. Up 6.12 seconds.
[[0;32m  OK  [0m] Started Apply the settings specified in cloud-config.
         Starting Execute cloud user/final scripts...
[    6.486210] cloud-init[1261]: Cloud-init v. 19.4-33-gbb4131a2-0ubuntu1~16.04.1 running 'modules:final' at Mon, 27 Apr 2020 12:40:20 +0000. Up 6.41 seconds.
[    6.487504] cloud-init[1261]: Cloud-init v. 19.4-33-gbb4131a2-0ubuntu1~16.04.1 finished at Mon, 27 Apr 2020 12:40:20 +0000. Datasource DataSourceNoCloud [seed=/dev/sdb][dsmode=net].  Up 6.48 seconds
[[0;32m  OK  [0m] Started Execute cloud user/final scripts.
[[0;32m  OK  [0m] Reached target Cloud-init target.

Ubuntu 16.04.6 LTS ubuntu-xenial ttyS0

ubuntu-xenial login: 